[28-May-2020 22:37:15 Europe/Moscow] PHP Notice:  Undefined index: site_scheme in /home/sk-norma/new.sk-norma.ru/docs/module/class.site.php on line 619
[28-May-2020 22:37:15 Europe/Moscow] PHP Notice:  Undefined index: site_domain in /home/sk-norma/new.sk-norma.ru/docs/module/class.site.php on line 620
[28-May-2020 22:37:16 Europe/Moscow] PHP Notice:  Undefined index: site_scheme in /home/sk-norma/new.sk-norma.ru/docs/module/class.site.php on line 619
[28-May-2020 22:37:16 Europe/Moscow] PHP Notice:  Undefined index: site_domain in /home/sk-norma/new.sk-norma.ru/docs/module/class.site.php on line 620
[28-May-2020 22:39:03 Europe/Moscow] PHP Notice:  Undefined index: site_scheme in /home/sk-norma/new.sk-norma.ru/docs/module/class.site.php on line 619
[28-May-2020 22:39:03 Europe/Moscow] PHP Notice:  Undefined index: site_domain in /home/sk-norma/new.sk-norma.ru/docs/module/class.site.php on line 620
[29-May-2020 01:53:45 Europe/Moscow] PHP Notice:  Undefined index: site_scheme in /home/sk-norma/new.sk-norma.ru/docs/module/class.site.php on line 619
[29-May-2020 01:53:45 Europe/Moscow] PHP Notice:  Undefined index: site_domain in /home/sk-norma/new.sk-norma.ru/docs/module/class.site.php on line 620
[29-May-2020 01:54:10 Europe/Moscow] PHP Notice:  Undefined index: site_scheme in /home/sk-norma/new.sk-norma.ru/docs/module/class.site.php on line 619
[29-May-2020 01:54:10 Europe/Moscow] PHP Notice:  Undefined index: site_domain in /home/sk-norma/new.sk-norma.ru/docs/module/class.site.php on line 620
[29-May-2020 01:54:13 Europe/Moscow] PHP Notice:  Undefined index: site_scheme in /home/sk-norma/new.sk-norma.ru/docs/module/class.site.php on line 619
[29-May-2020 01:54:13 Europe/Moscow] PHP Notice:  Undefined index: site_domain in /home/sk-norma/new.sk-norma.ru/docs/module/class.site.php on line 620
[29-May-2020 13:35:08 Europe/Moscow] PHP Notice:  Undefined index: site_scheme in /home/sk-norma/sk-norma.ru/docs/module/class.site.php on line 619
[29-May-2020 13:35:08 Europe/Moscow] PHP Notice:  Undefined index: site_domain in /home/sk-norma/sk-norma.ru/docs/module/class.site.php on line 620
[29-May-2020 13:47:53 Europe/Moscow] PHP Notice:  Undefined index: site_scheme in /home/sk-norma/sk-norma.ru/docs/module/class.site.php on line 619
[29-May-2020 13:47:53 Europe/Moscow] PHP Notice:  Undefined index: site_domain in /home/sk-norma/sk-norma.ru/docs/module/class.site.php on line 620
[29-May-2020 13:56:43 Europe/Moscow] PHP Notice:  Undefined index: site_scheme in /home/sk-norma/sk-norma.ru/docs/module/class.site.php on line 619
[29-May-2020 13:56:43 Europe/Moscow] PHP Notice:  Undefined index: site_domain in /home/sk-norma/sk-norma.ru/docs/module/class.site.php on line 620
[29-May-2020 13:56:45 Europe/Moscow] PHP Notice:  Undefined index: site_scheme in /home/sk-norma/sk-norma.ru/docs/module/class.site.php on line 619
[29-May-2020 13:56:45 Europe/Moscow] PHP Notice:  Undefined index: site_domain in /home/sk-norma/sk-norma.ru/docs/module/class.site.php on line 620
[29-May-2020 13:58:17 Europe/Moscow] PHP Notice:  Undefined index: site_scheme in /home/sk-norma/sk-norma.ru/docs/module/class.site.php on line 619
[29-May-2020 13:58:17 Europe/Moscow] PHP Notice:  Undefined index: site_domain in /home/sk-norma/sk-norma.ru/docs/module/class.site.php on line 620
[29-May-2020 14:02:40 Europe/Moscow] PHP Notice:  Undefined index: site_scheme in /home/sk-norma/sk-norma.ru/docs/module/class.site.php on line 619
[29-May-2020 14:02:40 Europe/Moscow] PHP Notice:  Undefined index: site_domain in /home/sk-norma/sk-norma.ru/docs/module/class.site.php on line 620
[29-May-2020 14:02:45 Europe/Moscow] PHP Notice:  Undefined index: site_scheme in /home/sk-norma/sk-norma.ru/docs/module/class.site.php on line 619
[29-May-2020 14:02:45 Europe/Moscow] PHP Notice:  Undefined index: site_domain in /home/sk-norma/sk-norma.ru/docs/module/class.site.php on line 620
[29-May-2020 14:06:38 Europe/Moscow] PHP Notice:  Undefined index: site_scheme in /home/sk-norma/sk-norma.ru/docs/module/class.site.php on line 619
[29-May-2020 14:06:38 Europe/Moscow] PHP Notice:  Undefined index: site_domain in /home/sk-norma/sk-norma.ru/docs/module/class.site.php on line 620
[29-May-2020 14:52:49 Europe/Moscow] PHP Notice:  Undefined index: site_scheme in /home/sk-norma/sk-norma.ru/docs/module/class.site.php on line 619
[29-May-2020 14:52:49 Europe/Moscow] PHP Notice:  Undefined index: site_domain in /home/sk-norma/sk-norma.ru/docs/module/class.site.php on line 620
[29-May-2020 14:52:59 Europe/Moscow] PHP Notice:  Undefined index: site_scheme in /home/sk-norma/sk-norma.ru/docs/module/class.site.php on line 619
[29-May-2020 14:52:59 Europe/Moscow] PHP Notice:  Undefined index: site_domain in /home/sk-norma/sk-norma.ru/docs/module/class.site.php on line 620
[29-May-2020 14:53:12 Europe/Moscow] PHP Notice:  Undefined index: site_scheme in /home/sk-norma/sk-norma.ru/docs/module/class.site.php on line 619
[29-May-2020 14:53:12 Europe/Moscow] PHP Notice:  Undefined index: site_domain in /home/sk-norma/sk-norma.ru/docs/module/class.site.php on line 620
[29-May-2020 14:53:14 Europe/Moscow] PHP Notice:  Undefined index: site_scheme in /home/sk-norma/sk-norma.ru/docs/module/class.site.php on line 619
[29-May-2020 14:53:14 Europe/Moscow] PHP Notice:  Undefined index: site_domain in /home/sk-norma/sk-norma.ru/docs/module/class.site.php on line 620
[29-May-2020 14:53:22 Europe/Moscow] PHP Notice:  Undefined index: site_scheme in /home/sk-norma/sk-norma.ru/docs/module/class.site.php on line 619
[29-May-2020 14:53:22 Europe/Moscow] PHP Notice:  Undefined index: site_domain in /home/sk-norma/sk-norma.ru/docs/module/class.site.php on line 620
[29-May-2020 14:53:25 Europe/Moscow] PHP Notice:  Undefined index: site_scheme in /home/sk-norma/sk-norma.ru/docs/module/class.site.php on line 619
[29-May-2020 14:53:25 Europe/Moscow] PHP Notice:  Undefined index: site_domain in /home/sk-norma/sk-norma.ru/docs/module/class.site.php on line 620
[21-Dec-2021 15:40:01 Europe/Moscow] PHP Parse error:  syntax error, unexpected T_CONSTANT_ENCAPSED_STRING, expecting ')' in /var/www/u1126524/data/www/sk-norma.ru/variable.php on line 84
[21-Dec-2021 15:40:08 Europe/Moscow] PHP Parse error:  syntax error, unexpected T_CONSTANT_ENCAPSED_STRING, expecting ')' in /var/www/u1126524/data/www/sk-norma.ru/variable.php on line 84
[29-Jun-2022 14:19:57 Europe/Moscow] PHP Warning:  in_array() expects parameter 2 to be array, null given in /var/www/u1126524/data/www/sk-norma.ru/module/class.site.php on line 311
[29-Jun-2022 14:19:57 Europe/Moscow] PHP Warning:  in_array() expects parameter 2 to be array, null given in /var/www/u1126524/data/www/sk-norma.ru/module/class.site.php on line 311
[29-Jun-2022 14:19:57 Europe/Moscow] PHP Warning:  in_array() expects parameter 2 to be array, null given in /var/www/u1126524/data/www/sk-norma.ru/module/class.site.php on line 311
[29-Jun-2022 14:19:57 Europe/Moscow] PHP Warning:  in_array() expects parameter 2 to be array, null given in /var/www/u1126524/data/www/sk-norma.ru/module/class.site.php on line 311
[29-Jun-2022 14:19:57 Europe/Moscow] PHP Warning:  in_array() expects parameter 2 to be array, null given in /var/www/u1126524/data/www/sk-norma.ru/module/class.site.php on line 311
[29-Jun-2022 14:45:03 Europe/Moscow] PHP Parse error:  syntax error, unexpected '*' in /var/www/u1126524/data/www/sk-norma.ru/variable.php on line 74
[29-Jun-2022 14:45:04 Europe/Moscow] PHP Parse error:  syntax error, unexpected '*' in /var/www/u1126524/data/www/sk-norma.ru/variable.php on line 74
[29-Jun-2022 14:45:04 Europe/Moscow] PHP Parse error:  syntax error, unexpected '*' in /var/www/u1126524/data/www/sk-norma.ru/variable.php on line 74
[29-Jun-2022 14:45:08 Europe/Moscow] PHP Parse error:  syntax error, unexpected '*' in /var/www/u1126524/data/www/sk-norma.ru/variable.php on line 74
[29-Jun-2022 14:46:23 Europe/Moscow] PHP Warning:  in_array() expects parameter 2 to be array, null given in /var/www/u1126524/data/www/sk-norma.ru/module/class.site.php on line 311
[29-Jun-2022 14:46:23 Europe/Moscow] PHP Warning:  in_array() expects parameter 2 to be array, null given in /var/www/u1126524/data/www/sk-norma.ru/module/class.site.php on line 311
[29-Jun-2022 14:46:23 Europe/Moscow] PHP Warning:  in_array() expects parameter 2 to be array, null given in /var/www/u1126524/data/www/sk-norma.ru/module/class.site.php on line 311
[29-Jun-2022 14:46:23 Europe/Moscow] PHP Warning:  in_array() expects parameter 2 to be array, null given in /var/www/u1126524/data/www/sk-norma.ru/module/class.site.php on line 311
[29-Jun-2022 14:46:23 Europe/Moscow] PHP Warning:  in_array() expects parameter 2 to be array, null given in /var/www/u1126524/data/www/sk-norma.ru/module/class.site.php on line 311
[29-Jun-2022 14:46:23 Europe/Moscow] PHP Warning:  in_array() expects parameter 2 to be array, null given in /var/www/u1126524/data/www/sk-norma.ru/module/class.site.php on line 311
[29-Jun-2022 14:46:23 Europe/Moscow] PHP Warning:  in_array() expects parameter 2 to be array, null given in /var/www/u1126524/data/www/sk-norma.ru/module/class.site.php on line 311
[29-Jun-2022 14:46:23 Europe/Moscow] PHP Warning:  in_array() expects parameter 2 to be array, null given in /var/www/u1126524/data/www/sk-norma.ru/module/class.site.php on line 311
[29-Jun-2022 14:46:23 Europe/Moscow] PHP Warning:  in_array() expects parameter 2 to be array, null given in /var/www/u1126524/data/www/sk-norma.ru/module/class.site.php on line 311
[29-Jun-2022 14:46:23 Europe/Moscow] PHP Warning:  in_array() expects parameter 2 to be array, null given in /var/www/u1126524/data/www/sk-norma.ru/module/class.site.php on line 311
[29-Jun-2022 14:46:23 Europe/Moscow] PHP Warning:  in_array() expects parameter 2 to be array, null given in /var/www/u1126524/data/www/sk-norma.ru/module/class.site.php on line 311
[29-Jun-2022 14:46:23 Europe/Moscow] PHP Warning:  in_array() expects parameter 2 to be array, null given in /var/www/u1126524/data/www/sk-norma.ru/module/class.site.php on line 311
[29-Jun-2022 14:46:23 Europe/Moscow] PHP Warning:  in_array() expects parameter 2 to be array, null given in /var/www/u1126524/data/www/sk-norma.ru/module/class.site.php on line 311
[29-Jun-2022 15:20:38 Europe/Moscow] PHP Warning:  in_array() expects parameter 2 to be array, null given in /var/www/u1126524/data/www/sk-norma.ru/module/class.site.php on line 311
[29-Jun-2022 15:20:38 Europe/Moscow] PHP Warning:  in_array() expects parameter 2 to be array, null given in /var/www/u1126524/data/www/sk-norma.ru/module/class.site.php on line 311
[29-Jun-2022 15:20:38 Europe/Moscow] PHP Warning:  in_array() expects parameter 2 to be array, null given in /var/www/u1126524/data/www/sk-norma.ru/module/class.site.php on line 311
[29-Jun-2022 15:20:38 Europe/Moscow] PHP Warning:  in_array() expects parameter 2 to be array, null given in /var/www/u1126524/data/www/sk-norma.ru/module/class.site.php on line 311
[29-Jun-2022 15:20:38 Europe/Moscow] PHP Warning:  in_array() expects parameter 2 to be array, null given in /var/www/u1126524/data/www/sk-norma.ru/module/class.site.php on line 311
[29-Jun-2022 15:20:38 Europe/Moscow] PHP Warning:  in_array() expects parameter 2 to be array, null given in /var/www/u1126524/data/www/sk-norma.ru/module/class.site.php on line 311
[29-Jun-2022 15:20:38 Europe/Moscow] PHP Warning:  in_array() expects parameter 2 to be array, null given in /var/www/u1126524/data/www/sk-norma.ru/module/class.site.php on line 311
[29-Jun-2022 15:20:38 Europe/Moscow] PHP Warning:  in_array() expects parameter 2 to be array, null given in /var/www/u1126524/data/www/sk-norma.ru/module/class.site.php on line 311
[29-Jun-2022 15:20:38 Europe/Moscow] PHP Warning:  in_array() expects parameter 2 to be array, null given in /var/www/u1126524/data/www/sk-norma.ru/module/class.site.php on line 311
[29-Jun-2022 15:20:38 Europe/Moscow] PHP Warning:  in_array() expects parameter 2 to be array, null given in /var/www/u1126524/data/www/sk-norma.ru/module/class.site.php on line 311
[29-Jun-2022 15:20:38 Europe/Moscow] PHP Warning:  in_array() expects parameter 2 to be array, null given in /var/www/u1126524/data/www/sk-norma.ru/module/class.site.php on line 311
[29-Jun-2022 15:20:38 Europe/Moscow] PHP Warning:  in_array() expects parameter 2 to be array, null given in /var/www/u1126524/data/www/sk-norma.ru/module/class.site.php on line 311
[29-Jun-2022 15:20:38 Europe/Moscow] PHP Warning:  in_array() expects parameter 2 to be array, null given in /var/www/u1126524/data/www/sk-norma.ru/module/class.site.php on line 311
[30-Jun-2022 11:58:41 Europe/Moscow] PHP Parse error:  syntax error, unexpected T_IF, expecting T_FUNCTION in /var/www/u1126524/data/www/sk-norma.ru/module/class.site.php on line 317
